<?xml version="1.0" encoding="UTF-8"?>
<!-- Generated by org.testng.reporters.JUnitXMLReporter -->
<testsuite ignored="0" hostname="LAPTOP-1826LOER" failures="0" tests="4" name="Default test" time="25.995" errors="0" timestamp="2024-07-13T07:09:15 IST">
  <testcase classname="com.webshop.tests.LoginPageTests" name="testLoginPageTitle" time="0.569"/>
  <testcase classname="com.webshop.tests.LoginPageTests" name="testWelcomeSignIn" time="0.577"/>
  <testcase classname="com.webshop.tests.LoginPageTests" name="testForgotPasswordIsDisplayed" time="0.578"/>
  <testcase classname="com.webshop.tests.LoginPageTests" name="testLoginFunction" time="2.533"/>
</testsuite> <!-- Default test -->
