<?xml version="1.0" encoding="UTF-8"?>
<!-- Generated by org.testng.reporters.JUnitXMLReporter -->
<testsuite ignored="0" hostname="LAPTOP-1826LOER" failures="0" tests="4" name="Default test" time="25.519" errors="0" timestamp="2024-07-12T07:16:32 IST">
  <testcase classname="com.webshop.tests.LoginPageTests" name="testLoginPageTitle" time="0.531"/>
  <testcase classname="com.webshop.tests.LoginPageTests" name="testWelcomeSignIn" time="0.586"/>
  <testcase classname="com.webshop.tests.LoginPageTests" name="testForgotPasswordIsDisplayed" time="0.611"/>
  <testcase classname="com.webshop.tests.LoginPageTests" name="testLoginFunction" time="2.475"/>
</testsuite> <!-- Default test -->
