<?xml version="1.0" encoding="UTF-8"?>
<testng-results ignored="0" total="5" passed="5" failed="0" skipped="0">
  <reporter-output>
  </reporter-output>
  <suite started-at="2024-03-01T08:03:58 IST" name="Default suite" finished-at="2024-03-01T08:04:29 IST" duration-ms="31299">
    <groups>
    </groups>
    <test started-at="2024-03-01T08:03:58 IST" name="Default test" finished-at="2024-03-01T08:04:29 IST" duration-ms="31299">
      <class name="com.ws.tests.TestLoginPage">
        <test-method is-config="true" signature="setUpReport()[pri:0, instance:com.ws.tests.TestLoginPage@48bb62]" started-at="2024-03-01T08:03:58 IST" name="setUpReport" finished-at="2024-03-01T08:03:58 IST" duration-ms="276" status="PASS">
          <reporter-output>
          </reporter-output>
        </test-method> <!-- setUpReport -->
        <test-method is-config="true" signature="setUp()[pri:0, instance:com.ws.tests.TestLoginPage@48bb62]" started-at="2024-03-01T08:03:58 IST" name="setUp" finished-at="2024-03-01T08:04:03 IST" duration-ms="4864" status="PASS">
          <reporter-output>
          </reporter-output>
        </test-method> <!-- setUp -->
        <test-method signature="testHomePageTitle()[pri:1, instance:com.ws.tests.TestLoginPage@48bb62]" started-at="2024-03-01T08:04:03 IST" name="testHomePageTitle" finished-at="2024-03-01T08:04:03 IST" duration-ms="42" status="PASS">
          <reporter-output>
          </reporter-output>
        </test-method> <!-- testHomePageTitle -->
        <test-method is-config="true" signature="tearDown(org.testng.ITestResult)[pri:0, instance:com.ws.tests.TestLoginPage@48bb62]" started-at="2024-03-01T08:04:03 IST" name="tearDown" finished-at="2024-03-01T08:04:04 IST" duration-ms="716" status="PASS">
          <params>
            <param index="0">
              <value>
                <![CDATA[[TestResult name=testHomePageTitle status=SUCCESS method=TestLoginPage.testHomePageTitle()[pri:1, instance:com.ws.tests.TestLoginPage@48bb62] output={null}]]]>
              </value>
            </param>
          </params>
          <reporter-output>
          </reporter-output>
        </test-method> <!-- tearDown -->
        <test-method is-config="true" signature="setUp()[pri:0, instance:com.ws.tests.TestLoginPage@48bb62]" started-at="2024-03-01T08:04:05 IST" name="setUp" finished-at="2024-03-01T08:04:09 IST" duration-ms="4208" status="PASS">
          <reporter-output>
          </reporter-output>
        </test-method> <!-- setUp -->
        <test-method signature="testLoginFunction(java.lang.String,java.lang.String)[pri:2, instance:com.ws.tests.TestLoginPage@48bb62]" started-at="2024-03-01T08:04:09 IST" name="testLoginFunction" data-provider="wsdata" finished-at="2024-03-01T08:04:12 IST" duration-ms="3692" status="PASS">
          <params>
            <param index="0">
              <value>
                <![CDATA[selauto1@test.com]]>
              </value>
            </param>
            <param index="1">
              <value>
                <![CDATA[Pass@123]]>
              </value>
            </param>
          </params>
          <reporter-output>
          </reporter-output>
        </test-method> <!-- testLoginFunction -->
        <test-method is-config="true" signature="tearDown(org.testng.ITestResult)[pri:0, instance:com.ws.tests.TestLoginPage@48bb62]" started-at="2024-03-01T08:04:12 IST" name="tearDown" finished-at="2024-03-01T08:04:13 IST" duration-ms="273" status="PASS">
          <params>
            <param index="0">
              <value>
                <![CDATA[[TestResult name=testLoginFunction status=SUCCESS method=TestLoginPage.testLoginFunction(java.lang.String,java.lang.String)[pri:2, instance:com.ws.tests.TestLoginPage@48bb62] output={null}]]]>
              </value>
            </param>
          </params>
          <reporter-output>
          </reporter-output>
        </test-method> <!-- tearDown -->
        <test-method is-config="true" signature="setUp()[pri:0, instance:com.ws.tests.TestLoginPage@48bb62]" started-at="2024-03-01T08:04:13 IST" name="setUp" finished-at="2024-03-01T08:04:17 IST" duration-ms="4193" status="PASS">
          <reporter-output>
          </reporter-output>
        </test-method> <!-- setUp -->
        <test-method signature="testLoginFunction(java.lang.String,java.lang.String)[pri:2, instance:com.ws.tests.TestLoginPage@48bb62]" started-at="2024-03-01T08:04:17 IST" name="testLoginFunction" data-provider="wsdata" finished-at="2024-03-01T08:04:19 IST" duration-ms="2459" status="PASS">
          <params>
            <param index="0">
              <value>
                <![CDATA[selauto2@test.com]]>
              </value>
            </param>
            <param index="1">
              <value>
                <![CDATA[Password@123]]>
              </value>
            </param>
          </params>
          <reporter-output>
          </reporter-output>
        </test-method> <!-- testLoginFunction -->
        <test-method is-config="true" signature="tearDown(org.testng.ITestResult)[pri:0, instance:com.ws.tests.TestLoginPage@48bb62]" started-at="2024-03-01T08:04:19 IST" name="tearDown" finished-at="2024-03-01T08:04:20 IST" duration-ms="285" status="PASS">
          <params>
            <param index="0">
              <value>
                <![CDATA[[TestResult name=testLoginFunction status=SUCCESS method=TestLoginPage.testLoginFunction(java.lang.String,java.lang.String)[pri:2, instance:com.ws.tests.TestLoginPage@48bb62] output={null}]]]>
              </value>
            </param>
          </params>
          <reporter-output>
          </reporter-output>
        </test-method> <!-- tearDown -->
        <test-method is-config="true" signature="setUp()[pri:0, instance:com.ws.tests.TestLoginPage@48bb62]" started-at="2024-03-01T08:04:20 IST" name="setUp" finished-at="2024-03-01T08:04:24 IST" duration-ms="3872" status="PASS">
          <reporter-output>
          </reporter-output>
        </test-method> <!-- setUp -->
        <test-method signature="testIsForgotpasswordLinkPresent()[pri:3, instance:com.ws.tests.TestLoginPage@48bb62]" started-at="2024-03-01T08:04:24 IST" name="testIsForgotpasswordLinkPresent" finished-at="2024-03-01T08:04:24 IST" duration-ms="639" status="PASS">
          <reporter-output>
          </reporter-output>
        </test-method> <!-- testIsForgotpasswordLinkPresent -->
        <test-method is-config="true" signature="tearDown(org.testng.ITestResult)[pri:0, instance:com.ws.tests.TestLoginPage@48bb62]" started-at="2024-03-01T08:04:24 IST" name="tearDown" finished-at="2024-03-01T08:04:24 IST" duration-ms="240" status="PASS">
          <params>
            <param index="0">
              <value>
                <![CDATA[[TestResult name=testIsForgotpasswordLinkPresent status=SUCCESS method=TestLoginPage.testIsForgotpasswordLinkPresent()[pri:3, instance:com.ws.tests.TestLoginPage@48bb62] output={null}]]]>
              </value>
            </param>
          </params>
          <reporter-output>
          </reporter-output>
        </test-method> <!-- tearDown -->
        <test-method is-config="true" signature="setUp()[pri:0, instance:com.ws.tests.TestLoginPage@48bb62]" started-at="2024-03-01T08:04:24 IST" name="setUp" finished-at="2024-03-01T08:04:28 IST" duration-ms="3824" status="PASS">
          <reporter-output>
          </reporter-output>
        </test-method> <!-- setUp -->
        <test-method signature="testInvalidEmailErr()[pri:4, instance:com.ws.tests.TestLoginPage@48bb62]" started-at="2024-03-01T08:04:28 IST" name="testInvalidEmailErr" finished-at="2024-03-01T08:04:29 IST" duration-ms="811" status="PASS">
          <reporter-output>
          </reporter-output>
        </test-method> <!-- testInvalidEmailErr -->
        <test-method is-config="true" signature="tearDown(org.testng.ITestResult)[pri:0, instance:com.ws.tests.TestLoginPage@48bb62]" started-at="2024-03-01T08:04:29 IST" name="tearDown" finished-at="2024-03-01T08:04:29 IST" duration-ms="246" status="PASS">
          <params>
            <param index="0">
              <value>
                <![CDATA[[TestResult name=testInvalidEmailErr status=SUCCESS method=TestLoginPage.testInvalidEmailErr()[pri:4, instance:com.ws.tests.TestLoginPage@48bb62] output={null}]]]>
              </value>
            </param>
          </params>
          <reporter-output>
          </reporter-output>
        </test-method> <!-- tearDown -->
      </class> <!-- com.ws.tests.TestLoginPage -->
    </test> <!-- Default test -->
  </suite> <!-- Default suite -->
</testng-results>
