<?xml version="1.0" encoding="UTF-8"?>
<!-- Generated by org.testng.reporters.JUnitReportReporter -->
<testsuite hostname="LAPTOP-1826LOER" failures="0" tests="5" name="com.ws.tests.TestLoginPage" time="30.364" errors="0" timestamp="2024-03-01T08:04:30 IST" skipped="0">
  <testcase classname="com.ws.tests.TestLoginPage" name="testHomePageTitle" time="4.199"/>
  <system-out/>
  <testcase classname="com.ws.tests.TestLoginPage" name="testLoginFunction" time="8.146"/>
  <system-out/>
  <testcase classname="com.ws.tests.TestLoginPage" name="testLoginFunction" time="6.556"/>
  <system-out/>
  <testcase classname="com.ws.tests.TestLoginPage" name="testIsForgotpasswordLinkPresent" time="5.072"/>
  <system-out/>
  <testcase classname="com.ws.tests.TestLoginPage" name="testInvalidEmailErr" time="6.391"/>
  <system-out/>
</testsuite> <!-- com.ws.tests.TestLoginPage -->
